<?xml version="1.0" encoding="UTF-8"?>
<!-- Generated by org.testng.reporters.JUnitReportReporter -->
<testsuite hostname="L-156193492" failures="0" tests="1" name="NewTest" time="32.305" errors="0" timestamp="2019-12-02T17:08:16 IST" skipped="0">
  <testcase classname="NewTest" name="test" time="32.305"/>
</testsuite> <!-- NewTest -->
